TN:
SF:src/App.vue
FN:1,(empty-report)
FNF:1
FNH:0
FNDA:0,(empty-report)
DA:1,0
DA:2,0
DA:6,0
LF:3
LH:0
BRDA:1,0,0,0
BRF:1
BRH:0
end_of_record
TN:
SF:src/main.ts
FN:1,(empty-report)
FNF:1
FNH:0
FNDA:0,(empty-report)
DA:1,0
DA:2,0
DA:3,0
DA:4,0
DA:6,0
LF:5
LH:0
BRDA:1,0,0,0
BRF:1
BRH:0
end_of_record
TN:
SF:src/ApiClient/index.ts
FN:16,getCards
FN:20,getTransactions
FNF:2
FNH:1
FNDA:4,getCards
FNDA:0,getTransactions
DA:1,1
DA:16,4
DA:17,4
DA:18,4
DA:20,0
DA:21,0
DA:23,0
DA:25,0
DA:26,0
DA:27,0
DA:29,0
DA:30,0
LF:12
LH:4
BRDA:16,0,0,4
BRF:1
BRH:1
end_of_record
TN:
SF:src/components/CardComponent.vue
FN:33,selectCard
FN:8,onClick
FNF:2
FNH:2
FNDA:1,selectCard
FNDA:1,onClick
DA:1,1
DA:2,1
DA:3,1
DA:4,1
DA:5,1
DA:6,1
DA:7,1
DA:8,1
DA:9,1
DA:10,1
DA:11,1
DA:15,1
DA:16,1
DA:18,1
DA:20,1
DA:21,1
DA:22,1
DA:24,1
DA:25,4
DA:26,4
DA:27,4
DA:28,4
DA:29,0
DA:30,0
DA:31,1
DA:33,1
DA:34,1
DA:35,1
DA:36,1
LF:29
LH:27
BRDA:24,0,0,4
BRDA:28,1,0,0
BRDA:33,2,0,1
BRDA:8,3,0,1
BRF:4
BRH:3
end_of_record
TN:
SF:src/components/HomePage.vue
FNF:0
FNH:0
DA:1,1
DA:2,1
DA:3,1
DA:7,1
DA:8,1
DA:9,1
DA:10,1
DA:11,1
LF:8
LH:8
BRF:0
BRH:0
end_of_record
TN:
SF:src/components/PaginationComponent.vue
FN:19,prevPage
FN:25,nextPage
FNF:2
FNH:2
FNDA:1,prevPage
FNDA:1,nextPage
DA:1,4
DA:2,1
DA:3,1
DA:4,1
DA:6,1
DA:7,1
DA:11,1
DA:17,1
DA:19,1
DA:20,1
DA:21,1
DA:22,1
DA:23,1
DA:25,1
DA:26,1
DA:27,1
DA:28,1
DA:29,1
LF:18
LH:18
BRDA:19,0,0,1
BRDA:25,1,0,1
BRDA:1,2,0,4
BRF:3
BRH:3
end_of_record
TN:
SF:src/components/SearchComponent.vue
FN:27,handleInput
FN:51,filterTransactions
FNF:2
FNH:1
FNDA:3,handleInput
FNDA:0,filterTransactions
DA:1,1
DA:2,1
DA:3,1
DA:4,1
DA:5,1
DA:6,1
DA:7,1
DA:8,1
DA:9,1
DA:10,1
DA:12,1
DA:13,1
DA:14,1
DA:18,1
DA:19,1
DA:20,1
DA:22,1
DA:23,1
DA:24,1
DA:25,1
DA:27,1
DA:28,3
DA:29,3
DA:30,2
DA:31,2
DA:32,2
DA:33,2
DA:34,2
DA:35,2
DA:36,1
DA:37,1
DA:38,1
DA:39,3
DA:41,1
DA:42,0
DA:43,0
DA:44,0
DA:45,0
DA:46,0
DA:47,0
DA:48,0
DA:49,1
DA:51,0
DA:52,0
DA:53,0
DA:54,0
LF:46
LH:35
BRDA:27,0,0,3
BRDA:29,1,0,2
BRDA:35,2,0,1
BRDA:10,3,0,1
BRDA:13,4,0,0
BRF:5
BRH:4
end_of_record
TN:
SF:src/components/TransactionDetails.vue
FN:50,updatePage
FN:55,__vite_ssr_import_1__.watch.currentPage.value
FNF:2
FNH:1
FNDA:0,updatePage
FNDA:4,__vite_ssr_import_1__.watch.currentPage.value
DA:1,1
DA:2,1
DA:3,1
DA:4,1
DA:5,1
DA:7,1
DA:8,1
DA:10,1
DA:11,1
DA:12,1
DA:13,1
DA:14,1
DA:15,1
DA:16,1
DA:17,1
DA:18,1
DA:19,1
DA:20,1
DA:21,1
DA:22,1
DA:23,1
DA:27,1
DA:28,1
DA:29,1
DA:30,1
DA:31,1
DA:33,1
DA:34,1
DA:35,1
DA:36,1
DA:37,1
DA:38,1
DA:40,1
DA:41,4
DA:42,1
DA:44,1
DA:45,4
DA:46,4
DA:47,4
DA:48,1
DA:50,0
DA:51,0
DA:52,0
DA:54,1
DA:55,1
DA:56,1
DA:57,0
DA:59,0
DA:60,0
DA:61,0
DA:62,0
DA:63,0
DA:64,0
DA:65,0
DA:66,0
DA:67,0
DA:68,0
DA:69,0
DA:70,0
DA:71,0
DA:72,0
DA:73,0
DA:75,0
DA:76,0
DA:77,1
LF:65
LH:44
BRDA:37,0,0,4
BRDA:40,1,0,4
BRDA:44,2,0,4
BRDA:55,3,0,4
BRF:4
BRH:4
end_of_record
TN:
SF:src/store/index.ts
FN:1,(empty-report)
FNF:1
FNH:0
FNDA:0,(empty-report)
DA:1,0
DA:2,0
DA:5,0
DA:6,0
DA:7,0
DA:8,0
DA:9,0
DA:10,0
DA:11,0
DA:12,0
DA:13,0
DA:14,0
DA:15,0
DA:16,0
DA:17,0
DA:18,0
DA:19,0
DA:20,0
DA:21,0
DA:22,0
DA:23,0
DA:24,0
DA:25,0
DA:26,0
DA:27,0
DA:28,0
DA:29,0
DA:30,0
DA:31,0
DA:32,0
DA:33,0
DA:34,0
DA:35,0
DA:36,0
DA:38,0
LF:35
LH:0
BRDA:1,0,0,0
BRF:1
BRH:0
end_of_record
